[2019-10-03 18:16:42.337] [exthost] [info] extension host started
[2019-10-03 18:16:42.740] [exthost] [info] extension host started
[2019-10-03 18:16:42.788] [exthost] [info] ExtensionService#_doActivateExtension HookyQR.beautify {"startup":true,"activationEvent":"*"}
[2019-10-03 18:16:42.788] [exthost] [info] ExtensionService#loadCommonJSModule /home/veegish/.p2/pool/plugins/pack.core.linux_3.5.0.201909121914/HookyQR.beautify-1.4.11/extension
[2019-10-03 18:16:42.921] [exthost] [info] ExtensionService#_doActivateExtension christian-kohler.path-intellisense {"startup":true,"activationEvent":"*"}
[2019-10-03 18:16:42.921] [exthost] [info] ExtensionService#loadCommonJSModule /home/veegish/.p2/pool/plugins/pack.core.linux_3.5.0.201909121914/christian-kohler.path-intellisense-1.4.2/out/src/extension
[2019-10-03 18:16:42.949] [exthost] [info] ExtensionService#_doActivateExtension dbaeumer.vscode-eslint {"startup":true,"activationEvent":"*"}
[2019-10-03 18:16:42.950] [exthost] [info] ExtensionService#loadCommonJSModule /home/veegish/.p2/pool/plugins/pack.core.linux_3.5.0.201909121914/dbaeumer.vscode-eslint-1.9.0/client/out/extension
[2019-10-03 18:16:43.109] [exthost] [info] ExtensionService#_doActivateExtension vscode.debug-auto-launch {"startup":true,"activationEvent":"*"}
[2019-10-03 18:16:43.109] [exthost] [info] ExtensionService#loadCommonJSModule /home/veegish/.p2/pool/plugins/com.genuitec.eclipse.code.engine.app.linux.x86_64_3.5.0.201909201758/engine/resources/app/extensions/debug-auto-launch/dist/extension
[2019-10-03 18:16:43.112] [exthost] [info] ExtensionService#_doActivateExtension vscode.emmet {"startup":true,"activationEvent":"*"}
[2019-10-03 18:16:43.113] [exthost] [info] ExtensionService#loadCommonJSModule /home/veegish/.p2/pool/plugins/com.genuitec.eclipse.code.engine.app.linux.x86_64_3.5.0.201909201758/engine/resources/app/extensions/emmet/dist/extension
[2019-10-03 18:16:43.154] [exthost] [info] ExtensionService#_doActivateExtension formulahendry.auto-close-tag {"startup":true,"activationEvent":"*"}
[2019-10-03 18:16:43.154] [exthost] [info] ExtensionService#loadCommonJSModule /home/veegish/.p2/pool/plugins/pack.core.linux_3.5.0.201909121914/formulahendry.auto-close-tag-0.5.6/out/src/extension
[2019-10-03 18:16:43.156] [exthost] [info] ExtensionService#_doActivateExtension vscode.grunt {"startup":false,"activationEvent":"onCommand:workbench.action.tasks.runTask"}
[2019-10-03 18:16:43.156] [exthost] [info] ExtensionService#loadCommonJSModule /home/veegish/.p2/pool/plugins/com.genuitec.eclipse.code.engine.app.linux.x86_64_3.5.0.201909201758/engine/resources/app/extensions/grunt/dist/main
[2019-10-03 18:16:43.186] [exthost] [info] ExtensionService#_doActivateExtension vscode.gulp {"startup":false,"activationEvent":"onCommand:workbench.action.tasks.runTask"}
[2019-10-03 18:16:43.187] [exthost] [info] ExtensionService#loadCommonJSModule /home/veegish/.p2/pool/plugins/com.genuitec.eclipse.code.engine.app.linux.x86_64_3.5.0.201909201758/engine/resources/app/extensions/gulp/dist/main
[2019-10-03 18:16:43.191] [exthost] [info] ExtensionService#_doActivateExtension vscode.jake {"startup":false,"activationEvent":"onCommand:workbench.action.tasks.runTask"}
[2019-10-03 18:16:43.191] [exthost] [info] ExtensionService#loadCommonJSModule /home/veegish/.p2/pool/plugins/com.genuitec.eclipse.code.engine.app.linux.x86_64_3.5.0.201909201758/engine/resources/app/extensions/jake/dist/main
[2019-10-03 18:16:43.196] [exthost] [info] ExtensionService#_doActivateExtension vscode.npm {"startup":false,"activationEvent":"onCommand:workbench.action.tasks.runTask"}
[2019-10-03 18:16:43.196] [exthost] [info] ExtensionService#loadCommonJSModule /home/veegish/.p2/pool/plugins/com.genuitec.eclipse.code.engine.app.linux.x86_64_3.5.0.201909201758/engine/resources/app/extensions/npm/dist/main
[2019-10-03 18:16:43.235] [exthost] [info] ExtensionService#_doActivateExtension vscode.typescript-language-features {"startup":false,"activationEvent":"onCommand:workbench.action.tasks.runTask"}
[2019-10-03 18:16:43.235] [exthost] [info] ExtensionService#loadCommonJSModule /home/veegish/.p2/pool/plugins/com.genuitec.eclipse.code.engine.app.linux.x86_64_3.5.0.201909201758/engine/resources/app/extensions/typescript-language-features/dist/extension
[2019-10-03 18:16:43.379] [exthost] [info] eager extensions activated
